<?xml version="1.0" encoding="UTF-8"?>
<testng-results ignored="0" total="5" passed="3" failed="2" skipped="0">
  <reporter-output>
  </reporter-output>
  <suite started-at="2023-02-02T14:55:22 CST" name="Parallel Test Suite" finished-at="2023-02-02T14:55:58 CST" duration-ms="36151">
    <groups>
    </groups>
    <test started-at="2023-02-02T14:55:22 CST" name="Firefox Test" finished-at="2023-02-02T14:55:25 CST" duration-ms="2725">
      <class name="testng.ParallelTest">
        <test-method is-config="true" signature="setUp(java.lang.String,java.lang.String,java.lang.String)[pri:0, instance:testng.ParallelTest@36bc55de]" started-at="2023-02-02T14:55:22 CST" name="setUp" finished-at="2023-02-02T14:55:25 CST" duration-ms="2660" status="PASS">
          <params>
            <param index="0">
              <value>
                <![CDATA[Firefox]]>
              </value>
            </param>
            <param index="1">
              <value>
                <![CDATA[100.0]]>
              </value>
            </param>
            <param index="2">
              <value>
                <![CDATA[WIN8]]>
              </value>
            </param>
          </params>
          <reporter-output>
          </reporter-output>
        </test-method> <!-- setUp -->
        <test-method signature="addValues()[pri:0, instance:testng.ParallelTest@36bc55de]" started-at="2023-02-02T14:55:25 CST" name="addValues" finished-at="2023-02-02T14:55:25 CST" duration-ms="4" status="FAIL">
          <exception class="java.lang.NullPointerException">
            <message>
              <![CDATA[Cannot invoke "org.openqa.selenium.remote.RemoteWebDriver.manage()" because "this.driver" is null]]>
            </message>
            <full-stacktrace>
              <![CDATA[java.lang.NullPointerException: Cannot invoke "org.openqa.selenium.remote.RemoteWebDriver.manage()" because "this.driver" is null
at testng.ParallelTest.addValues(ParallelTest.java:53)
at java.base/jdk.internal.reflect.NativeMethodAccessorImpl.invoke0(Native Method)
at java.base/jdk.internal.reflect.NativeMethodAccessorImpl.invoke(NativeMethodAccessorImpl.java:77)
at java.base/jdk.internal.reflect.DelegatingMethodAccessorImpl.invoke(DelegatingMethodAccessorImpl.java:43)
at java.base/java.lang.reflect.Method.invoke(Method.java:568)
at org.testng.internal.MethodInvocationHelper.invokeMethod(MethodInvocationHelper.java:133)
at org.testng.internal.TestInvoker.invokeMethod(TestInvoker.java:598)
at org.testng.internal.TestInvoker.invokeTestMethod(TestInvoker.java:173)
at org.testng.internal.MethodRunner.runInSequence(MethodRunner.java:46)
at org.testng.internal.TestInvoker$MethodInvocationAgent.invoke(TestInvoker.java:824)
at org.testng.internal.TestInvoker.invokeTestMethods(TestInvoker.java:146)
at org.testng.internal.TestMethodWorker.invokeTestMethods(TestMethodWorker.java:146)
at org.testng.internal.TestMethodWorker.run(TestMethodWorker.java:128)
at java.base/java.util.ArrayList.forEach(ArrayList.java:1511)
at org.testng.TestRunner.privateRun(TestRunner.java:794)
at org.testng.TestRunner.run(TestRunner.java:596)
at org.testng.SuiteRunner.runTest(SuiteRunner.java:377)
at org.testng.SuiteRunner.access$000(SuiteRunner.java:28)
at org.testng.SuiteRunner$SuiteWorker.run(SuiteRunner.java:418)
at org.testng.internal.thread.ThreadUtil.lambda$execute$0(ThreadUtil.java:64)
at java.base/java.util.concurrent.FutureTask.run(FutureTask.java:264)
at java.base/java.util.concurrent.ThreadPoolExecutor.runWorker(ThreadPoolExecutor.java:1136)
at java.base/java.util.concurrent.ThreadPoolExecutor$Worker.run(ThreadPoolExecutor.java:635)
at java.base/java.lang.Thread.run(Thread.java:833)
]]>
            </full-stacktrace>
          </exception> <!-- java.lang.NullPointerException -->
          <reporter-output>
          </reporter-output>
        </test-method> <!-- addValues -->
        <test-method is-config="true" signature="tearDown()[pri:0, instance:testng.ParallelTest@36bc55de]" started-at="2023-02-02T14:55:25 CST" name="tearDown" finished-at="2023-02-02T14:55:25 CST" duration-ms="0" status="PASS">
          <reporter-output>
          </reporter-output>
        </test-method> <!-- tearDown -->
      </class> <!-- testng.ParallelTest -->
    </test> <!-- Firefox Test -->
    <test started-at="2023-02-02T14:55:22 CST" name="Opera Test" finished-at="2023-02-02T14:55:25 CST" duration-ms="2957">
      <class name="testng.ParallelTest">
        <test-method is-config="true" signature="setUp(java.lang.String,java.lang.String,java.lang.String)[pri:0, instance:testng.ParallelTest@7f3b84b8]" started-at="2023-02-02T14:55:22 CST" name="setUp" finished-at="2023-02-02T14:55:25 CST" duration-ms="2902" status="PASS">
          <params>
            <param index="0">
              <value>
                <![CDATA[Opera]]>
              </value>
            </param>
            <param index="1">
              <value>
                <![CDATA[85.0]]>
              </value>
            </param>
            <param index="2">
              <value>
                <![CDATA[WIN10]]>
              </value>
            </param>
          </params>
          <reporter-output>
          </reporter-output>
        </test-method> <!-- setUp -->
        <test-method signature="addValues()[pri:0, instance:testng.ParallelTest@7f3b84b8]" started-at="2023-02-02T14:55:25 CST" name="addValues" finished-at="2023-02-02T14:55:25 CST" duration-ms="0" status="FAIL">
          <exception class="java.lang.NullPointerException">
            <message>
              <![CDATA[Cannot invoke "org.openqa.selenium.remote.RemoteWebDriver.manage()" because "this.driver" is null]]>
            </message>
            <full-stacktrace>
              <![CDATA[java.lang.NullPointerException: Cannot invoke "org.openqa.selenium.remote.RemoteWebDriver.manage()" because "this.driver" is null
at testng.ParallelTest.addValues(ParallelTest.java:53)
at java.base/jdk.internal.reflect.NativeMethodAccessorImpl.invoke0(Native Method)
at java.base/jdk.internal.reflect.NativeMethodAccessorImpl.invoke(NativeMethodAccessorImpl.java:77)
at java.base/jdk.internal.reflect.DelegatingMethodAccessorImpl.invoke(DelegatingMethodAccessorImpl.java:43)
at java.base/java.lang.reflect.Method.invoke(Method.java:568)
at org.testng.internal.MethodInvocationHelper.invokeMethod(MethodInvocationHelper.java:133)
at org.testng.internal.TestInvoker.invokeMethod(TestInvoker.java:598)
at org.testng.internal.TestInvoker.invokeTestMethod(TestInvoker.java:173)
at org.testng.internal.MethodRunner.runInSequence(MethodRunner.java:46)
at org.testng.internal.TestInvoker$MethodInvocationAgent.invoke(TestInvoker.java:824)
at org.testng.internal.TestInvoker.invokeTestMethods(TestInvoker.java:146)
at org.testng.internal.TestMethodWorker.invokeTestMethods(TestMethodWorker.java:146)
at org.testng.internal.TestMethodWorker.run(TestMethodWorker.java:128)
at java.base/java.util.ArrayList.forEach(ArrayList.java:1511)
at org.testng.TestRunner.privateRun(TestRunner.java:794)
at org.testng.TestRunner.run(TestRunner.java:596)
at org.testng.SuiteRunner.runTest(SuiteRunner.java:377)
at org.testng.SuiteRunner.access$000(SuiteRunner.java:28)
at org.testng.SuiteRunner$SuiteWorker.run(SuiteRunner.java:418)
at org.testng.internal.thread.ThreadUtil.lambda$execute$0(ThreadUtil.java:64)
at java.base/java.util.concurrent.FutureTask.run(FutureTask.java:264)
at java.base/java.util.concurrent.ThreadPoolExecutor.runWorker(ThreadPoolExecutor.java:1136)
at java.base/java.util.concurrent.ThreadPoolExecutor$Worker.run(ThreadPoolExecutor.java:635)
at java.base/java.lang.Thread.run(Thread.java:833)
]]>
            </full-stacktrace>
          </exception> <!-- java.lang.NullPointerException -->
          <reporter-output>
          </reporter-output>
        </test-method> <!-- addValues -->
        <test-method is-config="true" signature="tearDown()[pri:0, instance:testng.ParallelTest@7f3b84b8]" started-at="2023-02-02T14:55:25 CST" name="tearDown" finished-at="2023-02-02T14:55:25 CST" duration-ms="0" status="PASS">
          <reporter-output>
          </reporter-output>
        </test-method> <!-- tearDown -->
      </class> <!-- testng.ParallelTest -->
    </test> <!-- Opera Test -->
    <test started-at="2023-02-02T14:55:22 CST" name="MS Edge Test" finished-at="2023-02-02T14:55:36 CST" duration-ms="13902">
      <class name="testng.ParallelTest">
        <test-method is-config="true" signature="setUp(java.lang.String,java.lang.String,java.lang.String)[pri:0, instance:testng.ParallelTest@3febb011]" started-at="2023-02-02T14:55:22 CST" name="setUp" finished-at="2023-02-02T14:55:29 CST" duration-ms="6818" status="PASS">
          <params>
            <param index="0">
              <value>
                <![CDATA[Edge]]>
              </value>
            </param>
            <param index="1">
              <value>
                <![CDATA[101.0]]>
              </value>
            </param>
            <param index="2">
              <value>
                <![CDATA[WIN10]]>
              </value>
            </param>
          </params>
          <reporter-output>
          </reporter-output>
        </test-method> <!-- setUp -->
        <test-method signature="addValues()[pri:0, instance:testng.ParallelTest@3febb011]" started-at="2023-02-02T14:55:29 CST" name="addValues" finished-at="2023-02-02T14:55:35 CST" duration-ms="5922" status="PASS">
          <reporter-output>
          </reporter-output>
        </test-method> <!-- addValues -->
        <test-method is-config="true" signature="tearDown()[pri:0, instance:testng.ParallelTest@3febb011]" started-at="2023-02-02T14:55:35 CST" name="tearDown" finished-at="2023-02-02T14:55:36 CST" duration-ms="1108" status="PASS">
          <reporter-output>
          </reporter-output>
        </test-method> <!-- tearDown -->
      </class> <!-- testng.ParallelTest -->
    </test> <!-- MS Edge Test -->
    <test started-at="2023-02-02T14:55:22 CST" name="Chrome Test" finished-at="2023-02-02T14:55:50 CST" duration-ms="27928">
      <class name="testng.ParallelTest">
        <test-method is-config="true" signature="setUp(java.lang.String,java.lang.String,java.lang.String)[pri:0, instance:testng.ParallelTest@7722c3c3]" started-at="2023-02-02T14:55:22 CST" name="setUp" finished-at="2023-02-02T14:55:40 CST" duration-ms="17589" status="PASS">
          <params>
            <param index="0">
              <value>
                <![CDATA[Chrome]]>
              </value>
            </param>
            <param index="1">
              <value>
                <![CDATA[101.0]]>
              </value>
            </param>
            <param index="2">
              <value>
                <![CDATA[WIN11]]>
              </value>
            </param>
          </params>
          <reporter-output>
          </reporter-output>
        </test-method> <!-- setUp -->
        <test-method signature="addValues()[pri:0, instance:testng.ParallelTest@7722c3c3]" started-at="2023-02-02T14:55:40 CST" name="addValues" finished-at="2023-02-02T14:55:49 CST" duration-ms="8736" status="PASS">
          <reporter-output>
          </reporter-output>
        </test-method> <!-- addValues -->
        <test-method is-config="true" signature="tearDown()[pri:0, instance:testng.ParallelTest@7722c3c3]" started-at="2023-02-02T14:55:49 CST" name="tearDown" finished-at="2023-02-02T14:55:50 CST" duration-ms="1548" status="PASS">
          <reporter-output>
          </reporter-output>
        </test-method> <!-- tearDown -->
      </class> <!-- testng.ParallelTest -->
    </test> <!-- Chrome Test -->
    <test started-at="2023-02-02T14:55:22 CST" name="Safari Test" finished-at="2023-02-02T14:55:58 CST" duration-ms="36151">
      <class name="testng.ParallelTest">
        <test-method is-config="true" signature="setUp(java.lang.String,java.lang.String,java.lang.String)[pri:0, instance:testng.ParallelTest@36902638]" started-at="2023-02-02T14:55:22 CST" name="setUp" finished-at="2023-02-02T14:55:51 CST" duration-ms="28700" status="PASS">
          <params>
            <param index="0">
              <value>
                <![CDATA[safari]]>
              </value>
            </param>
            <param index="1">
              <value>
                <![CDATA[11.0]]>
              </value>
            </param>
            <param index="2">
              <value>
                <![CDATA[macos 10.13]]>
              </value>
            </param>
          </params>
          <reporter-output>
          </reporter-output>
        </test-method> <!-- setUp -->
        <test-method signature="addValues()[pri:0, instance:testng.ParallelTest@36902638]" started-at="2023-02-02T14:55:51 CST" name="addValues" finished-at="2023-02-02T14:55:58 CST" duration-ms="6856" status="PASS">
          <reporter-output>
          </reporter-output>
        </test-method> <!-- addValues -->
        <test-method is-config="true" signature="tearDown()[pri:0, instance:testng.ParallelTest@36902638]" started-at="2023-02-02T14:55:58 CST" name="tearDown" finished-at="2023-02-02T14:55:58 CST" duration-ms="541" status="PASS">
          <reporter-output>
          </reporter-output>
        </test-method> <!-- tearDown -->
      </class> <!-- testng.ParallelTest -->
    </test> <!-- Safari Test -->
  </suite> <!-- Parallel Test Suite -->
</testng-results>
